[2025-11-24T00:18:19.1737724] Q1: 1. I enjoy taking the lead and guiding others during group activities. | Answer: 5
[2025-11-24T00:18:20.0179707] Q2: 2. I prefer analyzing situations and coming up with strategic solutions. | Answer: 5
[2025-11-24T00:18:20.769145] Q3: 3. I work well with others and enjoy collaborative teamwork. | Answer: 3
[2025-11-24T00:18:21.5063417] Q4: 4. I am calm under pressure and can help maintain team morale. | Answer: 2
[2025-11-24T00:18:22.2136003] Q5: 5. I like making quick decisions and adapting in dynamic situations. | Answer: 1
[2025-11-24T08:21:17.6817571] Q1: 1. I enjoy taking the lead and guiding others during group activities. | Answer: 2
[2025-11-24T08:21:21.3566629] Q2: 2. I prefer analyzing situations and coming up with strategic solutions. | Answer: 2
[2025-11-24T08:21:22.6254107] Q3: 3. I work well with others and enjoy collaborative teamwork. | Answer: 3
[2025-11-24T08:21:23.6490358] Q4: 4. I am calm under pressure and can help maintain team morale. | Answer: 1
[2025-11-24T08:21:24.5708688] Q5: 5. I like making quick decisions and adapting in dynamic situations. | Answer: 1
[2025-11-24T08:53:32.6217673] Q1: 1. I enjoy taking the lead and guiding others during group activities. | Answer: 3
[2025-11-24T08:53:33.4579749] Q2: 2. I prefer analyzing situations and coming up with strategic solutions. | Answer: 3
[2025-11-24T08:53:34.0868543] Q3: 3. I work well with others and enjoy collaborative teamwork. | Answer: 2
[2025-11-24T08:53:34.897463] Q4: 4. I am calm under pressure and can help maintain team morale. | Answer: 4
[2025-11-24T08:53:35.8279602] Q5: 5. I like making quick decisions and adapting in dynamic situations. | Answer: 5
[2025-11-24T21:43:59.6974905] Q1: 1. I enjoy taking the lead and guiding others during group activities. | Answer: 4
[2025-11-24T21:44:00.3381784] Q2: 2. I prefer analyzing situations and coming up with strategic solutions. | Answer: 4
[2025-11-24T21:44:00.8320207] Q3: 3. I work well with others and enjoy collaborative teamwork. | Answer: 4
[2025-11-24T21:44:01.2690129] Q4: 4. I am calm under pressure and can help maintain team morale. | Answer: 4
[2025-11-24T21:44:02.2169854] Q5: 5. I like making quick decisions and adapting in dynamic situations. | Answer: 4
